#
# There is insufficient memory for the Java Runtime Environment to continue.
# Native memory allocation (mmap) failed to map 48758784 bytes for committing reserved memory.
# Possible reasons:
#   The system is out of physical RAM or swap space
#   In 32 bit mode, the process size limit was hit
# Possible solutions:
#   Reduce memory load on the system
#   Increase physical memory or swap space
#   Check if swap backing store is full
#   Use 64 bit Java on a 64 bit OS
#   Decrease Java heap size (-Xmx/-Xms)
#   Decrease number of Java threads
#   Decrease Java thread stack sizes (-Xss)
#   Set larger code cache with -XX:ReservedCodeCacheSize=
# This output file may be truncated or incomplete.
#
#  Out of Memory Error (os_linux.cpp:2630), pid=16134, tid=0x00007f60ca02f700
#
# JRE version: OpenJDK Runtime Environment (8.0_121-b13) (build 1.8.0_121-8u121-b13-4-b13)
# Java VM: OpenJDK 64-Bit Server VM (25.121-b13 mixed mode linux-amd64 compressed oops)
# Failed to write core dump. Core dumps have been disabled. To enable core dumping, try "ulimit -c unlimited" before starting Java again
#

---------------  T H R E A D  ---------------

Current thread (0x00007f60dc0ff000):  VMThread [stack: 0x00007f60c9f2f000,0x00007f60ca030000] [id=16138]

Stack: [0x00007f60c9f2f000,0x00007f60ca030000],  sp=0x00007f60ca02e4b0,  free space=1021k
Native frames: (J=compiled Java code, j=interpreted, Vv=VM code, C=native code)
V  [libjvm.so+0xa6bd50]  VMError::report_and_die()+0x160
V  [libjvm.so+0x4c530c]  report_vm_out_of_memory(char const*, int, unsigned long, VMErrorType, char const*)+0xac
V  [libjvm.so+0x8bac80]  os::pd_commit_memory(char*, unsigned long, unsigned long, bool)+0xf0
V  [libjvm.so+0x8b530e]  os::commit_memory(char*, unsigned long, unsigned long, bool)+0x2e
V  [libjvm.so+0x92fd5e]  PSVirtualSpace::expand_by(unsigned long)+0x4e
V  [libjvm.so+0x9310e3]  PSYoungGen::resize(unsigned long, unsigned long)+0x103
V  [libjvm.so+0x92d733]  PSScavenge::invoke_no_policy()+0x1503
V  [libjvm.so+0x92d9dc]  PSScavenge::invoke()+0x4c
V  [libjvm.so+0x8df353]  ParallelScavengeHeap::failed_mem_allocate(unsigned long)+0x63
V  [libjvm.so+0xa6d9c2]  VM_ParallelGCFailedAllocation::doit()+0x92
V  [libjvm.so+0xa72b37]  VM_Operation::evaluate()+0x47
V  [libjvm.so+0xa702c7]  VMThread::evaluate_operation(VM_Operation*) [clone .constprop.30]+0xe7
V  [libjvm.so+0xa71746]  VMThread::loop()+0x246
V  [libjvm.so+0xa71c41]  VMThread::run()+0x81
V  [libjvm.so+0x8b8212]  java_start(Thread*)+0xf2

VM_Operation (0x00007f60c81f6a20): ParallelGCFailedAllocation, mode: safepoint, requested by thread 0x00007f60941eb800


---------------  P R O C E S S  ---------------

Java Threads: ( => current thread )
  0x00007f60941eb800 JavaThread "localhost-startStop-1" daemon [_thread_blocked, id=16169, stack(0x00007f60c80f8000,0x00007f60c81f9000)]
  0x00007f60dca74800 JavaThread "Tomcat-startStop-1" daemon [_thread_blocked, id=16168, stack(0x00007f60c83fe000,0x00007f60c84ff000)]
  0x00007f60dc4eb000 JavaThread "Service Thread" daemon [_thread_blocked, id=16157, stack(0x00007f60c880a000,0x00007f60c890b000)]
  0x00007f60dc4d3800 JavaThread "C1 CompilerThread1" daemon [_thread_blocked, id=16156, stack(0x00007f60c8b23000,0x00007f60c8c24000)]
  0x00007f60dc4d2000 JavaThread "C2 CompilerThread0" daemon [_thread_blocked, id=16155, stack(0x00007f60c8c24000,0x00007f60c8d25000)]
  0x00007f60dc4d0000 JavaThread "Monitor Ctrl-Break" daemon [_thread_in_native, id=16154, stack(0x00007f60c8d25000,0x00007f60c8e26000)]
  0x00007f60dc133800 JavaThread "Signal Dispatcher" daemon [_thread_blocked, id=16146, stack(0x00007f60c90e4000,0x00007f60c91e5000)]
  0x00007f60dc10b000 JavaThread "Finalizer" daemon [_thread_blocked, id=16140, stack(0x00007f60c9d2d000,0x00007f60c9e2e000)]
  0x00007f60dc106800 JavaThread "Reference Handler" daemon [_thread_blocked, id=16139, stack(0x00007f60c9e2e000,0x00007f60c9f2f000)]
  0x00007f60dc00e800 JavaThread "main" [_thread_blocked, id=16135, stack(0x00007f60e331c000,0x00007f60e341d000)]

Other Threads:
=>0x00007f60dc0ff000 VMThread [stack: 0x00007f60c9f2f000,0x00007f60ca030000] [id=16138]
  0x00007f60dc4ed000 WatcherThread [stack: 0x00007f60c8709000,0x00007f60c880a000] [id=16158]

VM state:at safepoint (normal execution)

VM Mutex/Monitor currently owned by a thread:  ([mutex/lock_event])
[0x00007f60dc00aaf0] Threads_lock - owner thread: 0x00007f60dc0ff000
[0x00007f60dc00aff0] Heap_lock - owner thread: 0x00007f60941eb800

Heap:
 PSYoungGen      total 113664K, used 6813K [0x00000000f5980000, 0x00000000fd180000, 0x0000000100000000)
  eden space 104448K, 0% used [0x00000000f5980000,0x00000000f5980000,0x00000000fbf80000)
  from space 9216K, 73% used [0x00000000fbf80000,0x00000000fc627680,0x00000000fc880000)
  to   space 9216K, 0% used [0x00000000fc880000,0x00000000fc880000,0x00000000fd180000)
 ParOldGen       total 26112K, used 12208K [0x00000000e0c00000, 0x00000000e2580000, 0x00000000f5980000)
  object space 26112K, 46% used [0x00000000e0c00000,0x00000000e17ec0c0,0x00000000e2580000)
 Metaspace       used 24802K, capacity 25092K, committed 25216K, reserved 1071104K
  class space    used 3073K, capacity 3158K, committed 3200K, reserved 1048576K

Card table byte_map: [0x00007f60e00ab000,0x00007f60e01a6000] byte_map_base: 0x00007f60df9a5000

Marking Bits: (ParMarkBitMap*) 0x00007f60e25e7220
 Begin Bits: [0x00007f60cb477000, 0x00007f60cbc47000)
 End Bits:   [0x00007f60cbc47000, 0x00007f60cc417000)

Polling page: 0x00007f60e3439000

CodeCache: size=245760Kb used=5762Kb max_used=5762Kb free=239997Kb
 bounds [0x00007f60cc9d9000, 0x00007f60ccf89000, 0x00007f60db9d9000]
 total_blobs=2951 nmethods=2572 adapters=293
 compilation: enabled

Compilation events (10 events):
Event: 4,485 Thread 0x00007f60dc4d3800 2570       1       java.util.zip.ZipUtils::get32 (23 bytes)
Event: 4,486 Thread 0x00007f60dc4d3800 nmethod 2570 0x00007f60ccf77c90 code [0x00007f60ccf77e00, 0x00007f60ccf77fb0]
Event: 4,493 Thread 0x00007f60dc4d3800 2571       1       java.util.zip.ZipInputStream::ensureOpen (18 bytes)
Event: 4,493 Thread 0x00007f60dc4d3800 nmethod 2571 0x00007f60ccf78110 code [0x00007f60ccf78280, 0x00007f60ccf78448]
Event: 4,493 Thread 0x00007f60dc4d3800 2572       1       java.io.PushbackInputStream::ensureOpen (18 bytes)
Event: 4,493 Thread 0x00007f60dc4d3800 nmethod 2572 0x00007f60ccf78510 code [0x00007f60ccf78680, 0x00007f60ccf78848]
Event: 4,493 Thread 0x00007f60dc4d3800 2573       1       java.util.Hashtable::<init> (114 bytes)
Event: 4,497 Thread 0x00007f60dc4d3800 nmethod 2573 0x00007f60ccf78910 code [0x00007f60ccf78b40, 0x00007f60ccf79338]
Event: 4,497 Thread 0x00007f60dc4d3800 2574       1       java.util.Dictionary::<init> (5 bytes)
Event: 4,497 Thread 0x00007f60dc4d3800 nmethod 2574 0x00007f60ccf79810 code [0x00007f60ccf79960, 0x00007f60ccf79a70]

GC Heap History (10 events):
Event: 1,982 GC heap after
Heap after GC invocations=7 (full 0):
 PSYoungGen      total 38400K, used 5113K [0x00000000f5980000, 0x00000000fa880000, 0x0000000100000000)
  eden space 33280K, 0% used [0x00000000f5980000,0x00000000f5980000,0x00000000f7a00000)
  from space 5120K, 99% used [0x00000000f7a00000,0x00000000f7efe410,0x00000000f7f00000)
  to   space 7168K, 0% used [0x00000000fa180000,0x00000000fa180000,0x00000000fa880000)
 ParOldGen       total 22016K, used 9742K [0x00000000e0c00000, 0x00000000e2180000, 0x00000000f5980000)
  object space 22016K, 44% used [0x00000000e0c00000,0x00000000e1583aa0,0x00000000e2180000)
 Metaspace       used 15418K, capacity 15600K, committed 15744K, reserved 1062912K
  class space    used 1850K, capacity 1896K, committed 1920K, reserved 1048576K
}
Event: 2,385 GC heap before
{Heap before GC invocations=8 (full 0):
 PSYoungGen      total 38400K, used 38393K [0x00000000f5980000, 0x00000000fa880000, 0x0000000100000000)
  eden space 33280K, 100% used [0x00000000f5980000,0x00000000f7a00000,0x00000000f7a00000)
  from space 5120K, 99% used [0x00000000f7a00000,0x00000000f7efe410,0x00000000f7f00000)
  to   space 7168K, 0% used [0x00000000fa180000,0x00000000fa180000,0x00000000fa880000)
 ParOldGen       total 22016K, used 9742K [0x00000000e0c00000, 0x00000000e2180000, 0x00000000f5980000)
  object space 22016K, 44% used [0x00000000e0c00000,0x00000000e1583aa0,0x00000000e2180000)
 Metaspace       used 18007K, capacity 18232K, committed 18432K, reserved 1064960K
  class space    used 2176K, capacity 2258K, committed 2304K, reserved 1048576K
Event: 2,392 GC heap after
Heap after GC invocations=8 (full 0):
 PSYoungGen      total 72192K, used 7159K [0x00000000f5980000, 0x00000000fab80000, 0x0000000100000000)
  eden space 65024K, 0% used [0x00000000f5980000,0x00000000f5980000,0x00000000f9900000)
  from space 7168K, 99% used [0x00000000fa180000,0x00000000fa87dd90,0x00000000fa880000)
  to   space 8704K, 0% used [0x00000000f9900000,0x00000000f9900000,0x00000000fa180000)
 ParOldGen       total 22016K, used 10307K [0x00000000e0c00000, 0x00000000e2180000, 0x00000000f5980000)
  object space 22016K, 46% used [0x00000000e0c00000,0x00000000e1610d78,0x00000000e2180000)
 Metaspace       used 18007K, capacity 18232K, committed 18432K, reserved 1064960K
  class space    used 2176K, capacity 2258K, committed 2304K, reserved 1048576K
}
Event: 3,132 GC heap before
{Heap before GC invocations=9 (full 0):
 PSYoungGen      total 72192K, used 72183K [0x00000000f5980000, 0x00000000fab80000, 0x0000000100000000)
  eden space 65024K, 100% used [0x00000000f5980000,0x00000000f9900000,0x00000000f9900000)
  from space 7168K, 99% used [0x00000000fa180000,0x00000000fa87dd90,0x00000000fa880000)
  to   space 8704K, 0% used [0x00000000f9900000,0x00000000f9900000,0x00000000fa180000)
 ParOldGen       total 22016K, used 10307K [0x00000000e0c00000, 0x00000000e2180000, 0x00000000f5980000)
  object space 22016K, 46% used [0x00000000e0c00000,0x00000000e1610d78,0x00000000e2180000)
 Metaspace       used 19670K, capacity 19946K, committed 20224K, reserved 1067008K
  class space    used 2406K, capacity 2503K, committed 2560K, reserved 1048576K
Event: 3,165 GC heap after
Heap after GC invocations=9 (full 0):
 PSYoungGen      total 73728K, used 6623K [0x00000000f5980000, 0x00000000fd180000, 0x0000000100000000)
  eden space 65024K, 0% used [0x00000000f5980000,0x00000000f5980000,0x00000000f9900000)
  from space 8704K, 76% used [0x00000000f9900000,0x00000000f9f77d40,0x00000000fa180000)
  to   space 9216K, 0% used [0x00000000fc880000,0x00000000fc880000,0x00000000fd180000)
 ParOldGen       total 22016K, used 13139K [0x00000000e0c00000, 0x00000000e2180000, 0x00000000f5980000)
  object space 22016K, 59% used [0x00000000e0c00000,0x00000000e18d4fc8,0x00000000e2180000)
 Metaspace       used 19670K, capacity 19946K, committed 20224K, reserved 1067008K
  class space    used 2406K, capacity 2503K, committed 2560K, reserved 1048576K
}
Event: 3,473 GC heap before
{Heap before GC invocations=10 (full 0):
 PSYoungGen      total 73728K, used 29448K [0x00000000f5980000, 0x00000000fd180000, 0x0000000100000000)
  eden space 65024K, 35% used [0x00000000f5980000,0x00000000f6fca4d0,0x00000000f9900000)
  from space 8704K, 76% used [0x00000000f9900000,0x00000000f9f77d40,0x00000000fa180000)
  to   space 9216K, 0% used [0x00000000fc880000,0x00000000fc880000,0x00000000fd180000)
 ParOldGen       total 22016K, used 13139K [0x00000000e0c00000, 0x00000000e2180000, 0x00000000f5980000)
  object space 22016K, 59% used [0x00000000e0c00000,0x00000000e18d4fc8,0x00000000e2180000)
 Metaspace       used 20869K, capacity 21130K, committed 21296K, reserved 1069056K
  class space    used 2585K, capacity 2663K, committed 2688K, reserved 1048576K
Event: 3,480 GC heap after
Heap after GC invocations=10 (full 0):
 PSYoungGen      total 113664K, used 3209K [0x00000000f5980000, 0x00000000fd180000, 0x0000000100000000)
  eden space 104448K, 0% used [0x00000000f5980000,0x00000000f5980000,0x00000000fbf80000)
  from space 9216K, 34% used [0x00000000fc880000,0x00000000fcba27d8,0x00000000fd180000)
  to   space 9216K, 0% used [0x00000000fbf80000,0x00000000fbf80000,0x00000000fc880000)
 ParOldGen       total 22016K, used 16118K [0x00000000e0c00000, 0x00000000e2180000, 0x00000000f5980000)
  object space 22016K, 73% used [0x00000000e0c00000,0x00000000e1bbda20,0x00000000e2180000)
 Metaspace       used 20869K, capacity 21130K, committed 21296K, reserved 1069056K
  class space    used 2585K, capacity 2663K, committed 2688K, reserved 1048576K
}
Event: 3,480 GC heap before
{Heap before GC invocations=11 (full 1):
 PSYoungGen      total 113664K, used 3209K [0x00000000f5980000, 0x00000000fd180000, 0x0000000100000000)
  eden space 104448K, 0% used [0x00000000f5980000,0x00000000f5980000,0x00000000fbf80000)
  from space 9216K, 34% used [0x00000000fc880000,0x00000000fcba27d8,0x00000000fd180000)
  to   space 9216K, 0% used [0x00000000fbf80000,0x00000000fbf80000,0x00000000fc880000)
 ParOldGen       total 22016K, used 16118K [0x00000000e0c00000, 0x00000000e2180000, 0x00000000f5980000)
  object space 22016K, 73% used [0x00000000e0c00000,0x00000000e1bbda20,0x00000000e2180000)
 Metaspace       used 20869K, capacity 21130K, committed 21296K, reserved 1069056K
  class space    used 2585K, capacity 2663K, committed 2688K, reserved 1048576K
Event: 3,531 GC heap after
Heap after GC invocations=11 (full 1):
 PSYoungGen      total 113664K, used 0K [0x00000000f5980000, 0x00000000fd180000, 0x0000000100000000)
  eden space 104448K, 0% used [0x00000000f5980000,0x00000000f5980000,0x00000000fbf80000)
  from space 9216K, 0% used [0x00000000fc880000,0x00000000fc880000,0x00000000fd180000)
  to   space 9216K, 0% used [0x00000000fbf80000,0x00000000fbf80000,0x00000000fc880000)
 ParOldGen       total 26112K, used 12200K [0x00000000e0c00000, 0x00000000e2580000, 0x00000000f5980000)
  object space 26112K, 46% used [0x00000000e0c00000,0x00000000e17ea0c0,0x00000000e2580000)
 Metaspace       used 20869K, capacity 21130K, committed 21296K, reserved 1069056K
  class space    used 2585K, capacity 2663K, committed 2688K, reserved 1048576K
}
Event: 4,502 GC heap before
{Heap before GC invocations=12 (full 1):
 PSYoungGen      total 113664K, used 104416K [0x00000000f5980000, 0x00000000fd180000, 0x0000000100000000)
  eden space 104448K, 99% used [0x00000000f5980000,0x00000000fbf783f0,0x00000000fbf80000)
  from space 9216K, 0% used [0x00000000fc880000,0x00000000fc880000,0x00000000fd180000)
  to   space 9216K, 0% used [0x00000000fbf80000,0x00000000fbf80000,0x00000000fc880000)
 ParOldGen       total 26112K, used 12200K [0x00000000e0c00000, 0x00000000e2580000, 0x00000000f5980000)
  object space 26112K, 46% used [0x00000000e0c00000,0x00000000e17ea0c0,0x00000000e2580000)
 Metaspace       used 24802K, capacity 25092K, committed 25216K, reserved 1071104K
  class space    used 3073K, capacity 3158K, committed 3200K, reserved 1048576K

Deoptimization events (0 events):
No events

Internal exceptions (10 events):
Event: 3,878 Thread 0x00007f60dc00e800 Exception <a 'java/lang/ArrayIndexOutOfBoundsException'> (0x00000000f9b3ee48) thrown at [/build/openjdk-8-gNa4Mq/openjdk-8-8u121-b13/src/hotspot/src/share/vm/runtime/sharedRuntime.cpp, line 605]
Event: 3,878 Thread 0x00007f60dc00e800 Exception <a 'java/lang/ClassNotFoundException': org/springframework/core/OrderedCustomizer> (0x00000000f9b53480) thrown at [/build/openjdk-8-gNa4Mq/openjdk-8-8u121-b13/src/hotspot/src/share/vm/classfile/systemDictionary.cpp, line 210]
Event: 3,885 Thread 0x00007f60dc00e800 Exception <a 'java/lang/ClassNotFoundException': java/lang/ObjectCustomizer> (0x00000000f9c64e90) thrown at [/build/openjdk-8-gNa4Mq/openjdk-8-8u121-b13/src/hotspot/src/share/vm/classfile/systemDictionary.cpp, line 210]
Event: 3,885 Thread 0x00007f60dc00e800 Exception <a 'java/lang/ClassNotFoundException': org/springframework/boot/autoconfigure/web/ErrorMvcAutoConfigurationCustomizer> (0x00000000f9c85830) thrown at [/build/openjdk-8-gNa4Mq/openjdk-8-8u121-b13/src/hotspot/src/share/vm/classfile/systemDictionar
Event: 3,885 Thread 0x00007f60dc00e800 Exception <a 'java/lang/ClassNotFoundException': org/springframework/boot/autoconfigure/web/ErrorMvcAutoConfiguration$$EnhancerBySpringCGLIB$$8ded7a92Customizer> (0x00000000f9caf178) thrown at [/build/openjdk-8-gNa4Mq/openjdk-8-8u121-b13/src/hotspot/src/s
Event: 3,886 Thread 0x00007f60dc00e800 Exception <a 'java/lang/ClassNotFoundException': org/springframework/context/annotation/ConfigurationClassEnhancer$EnhancedConfigurationCustomizer> (0x00000000f9cdaf20) thrown at [/build/openjdk-8-gNa4Mq/openjdk-8-8u121-b13/src/hotspot/src/share/vm/classf
Event: 3,889 Thread 0x00007f60dc00e800 Exception <a 'java/lang/ClassNotFoundException': java/lang/ObjectCustomizer> (0x00000000f9d9a870) thrown at [/build/openjdk-8-gNa4Mq/openjdk-8-8u121-b13/src/hotspot/src/share/vm/classfile/systemDictionary.cpp, line 210]
Event: 3,889 Thread 0x00007f60dc00e800 Exception <a 'java/lang/ClassNotFoundException': org/springframework/boot/autoconfigure/web/ErrorMvcAutoConfiguration$ErrorPageCustomizerCustomizer> (0x00000000f9dc0538) thrown at [/build/openjdk-8-gNa4Mq/openjdk-8-8u121-b13/src/hotspot/src/share/vm/class
Event: 3,890 Thread 0x00007f60dc00e800 Exception <a 'java/lang/ClassNotFoundException': org/springframework/boot/web/servlet/ErrorPageRegistrarCustomizer> (0x00000000f9ddde10) thrown at [/build/openjdk-8-gNa4Mq/openjdk-8-8u121-b13/src/hotspot/src/share/vm/classfile/systemDictionary.cpp, line 2
Event: 3,890 Thread 0x00007f60dc00e800 Exception <a 'java/lang/ClassNotFoundException': org/springframework/core/OrderedCustomizer> (0x00000000f9df0f30) thrown at [/build/openjdk-8-gNa4Mq/openjdk-8-8u121-b13/src/hotspot/src/share/vm/classfile/systemDictionary.cpp, line 210]

Events (10 events):
Event: 4,177 loading class java/io/PushbackInputStream done
Event: 4,180 loading class java/util/zip/ZipUtils
Event: 4,181 loading class java/util/zip/ZipUtils done
Event: 4,184 loading class org/apache/catalina/util/ManifestResource
Event: 4,184 loading class org/apache/catalina/util/ManifestResource done
Event: 4,398 Executing VM operation: EnableBiasedLocking
Event: 4,470 Executing VM operation: EnableBiasedLocking done
Event: 4,478 loading class org/apache/catalina/util/Extension
Event: 4,478 loading class org/apache/catalina/util/Extension done
Event: 4,500 Executing VM operation: ParallelGCFailedAllocation


Dynamic libraries:
e0c00000-e2580000 rw-p 00000000 00:00 0 
e2580000-f5980000 ---p 00000000 00:00 0 
f5980000-fd180000 rw-p 00000000 00:00 0 
100000000-100320000 rw-p 00000000 00:00 0 
100320000-140000000 ---p 00000000 00:00 0 
56197344e000-56197344f000 r-xp 00000000 08:01 415963                     /usr/lib/jvm/java-8-openjdk-amd64/jre/bin/java
56197364e000-56197364f000 r--p 00000000 08:01 415963                     /usr/lib/jvm/java-8-openjdk-amd64/jre/bin/java
56197364f000-561973650000 rw-p 00001000 08:01 415963                     /usr/lib/jvm/java-8-openjdk-amd64/jre/bin/java
561974a76000-561974a97000 rw-p 00000000 00:00 0                          [heap]
7f6090000000-7f6090037000 rw-p 00000000 00:00 0 
7f6090037000-7f6094000000 ---p 00000000 00:00 0 
7f6094000000-7f60941ed000 rw-p 00000000 00:00 0 
7f60941ed000-7f6098000000 ---p 00000000 00:00 0 
7f609b1ed000-7f609b36d000 rw-p 00000000 00:00 0 
7f609b36d000-7f609b3ed000 ---p 00000000 00:00 0 
7f609b3ed000-7f609b5ed000 rw-p 00000000 00:00 0 
7f609b5ed000-7f609b7ed000 rw-p 00000000 00:00 0 
7f609b7ed000-7f609b9ed000 rw-p 00000000 00:00 0 
7f609b9ed000-7f609b9fe000 r-xp 00000000 08:01 416000                     /usr/lib/jvm/java-8-openjdk-amd64/jre/lib/amd64/libnio.so
7f609b9fe000-7f609bbfe000 ---p 00011000 08:01 416000                     /usr/lib/jvm/java-8-openjdk-amd64/jre/lib/amd64/libnio.so
7f609bbfe000-7f609bbff000 r--p 00011000 08:01 416000                     /usr/lib/jvm/java-8-openjdk-amd64/jre/lib/amd64/libnio.so
7f609bbff000-7f609bc00000 rw-p 00012000 08:01 416000                     /usr/lib/jvm/java-8-openjdk-amd64/jre/lib/amd64/libnio.so
7f609bc00000-7f609be00000 rw-p 00000000 00:00 0 
7f609be00000-7f609c000000 rw-p 00000000 00:00 0 
7f609c000000-7f609c021000 rw-p 00000000 00:00 0 
7f609c021000-7f60a0000000 ---p 00000000 00:00 0 
7f60a0000000-7f60a0021000 rw-p 00000000 00:00 0 
7f60a0021000-7f60a4000000 ---p 00000000 00:00 0 
7f60a4000000-7f60a4046000 rw-p 00000000 00:00 0 
7f60a4046000-7f60a8000000 ---p 00000000 00:00 0 
7f60a8000000-7f60a878a000 rw-p 00000000 00:00 0 
7f60a878a000-7f60ac000000 ---p 00000000 00:00 0 
7f60ac000000-7f60ac021000 rw-p 00000000 00:00 0 
7f60ac021000-7f60b0000000 ---p 00000000 00:00 0 
7f60b0000000-7f60b003f000 rw-p 00000000 00:00 0 
7f60b003f000-7f60b4000000 ---p 00000000 00:00 0 
7f60b4000000-7f60b4021000 rw-p 00000000 00:00 0 
7f60b4021000-7f60b8000000 ---p 00000000 00:00 0 
7f60b8000000-7f60b8021000 rw-p 00000000 00:00 0 
7f60b8021000-7f60bc000000 ---p 00000000 00:00 0 
7f60bc000000-7f60bc021000 rw-p 00000000 00:00 0 
7f60bc021000-7f60c0000000 ---p 00000000 00:00 0 
7f60c0000000-7f60c0275000 rw-p 00000000 00:00 0 
7f60c0275000-7f60c4000000 ---p 00000000 00:00 0 
7f60c4000000-7f60c402b000 rw-p 00000000 00:00 0 
7f60c402b000-7f60c8000000 ---p 00000000 00:00 0 
7f60c80f4000-7f60c80f8000 r--s 0009a000 08:01 416015                     /usr/lib/jvm/java-8-openjdk-amd64/jre/lib/jsse.jar
7f60c80f8000-7f60c80fb000 ---p 00000000 00:00 0 
7f60c80fb000-7f60c83f9000 rw-p 00000000 00:00 0 
7f60c83f9000-7f60c83fe000 r--s 002f9000 08:01 416008                     /usr/lib/jvm/java-8-openjdk-amd64/jre/lib/charsets.jar
7f60c83fe000-7f60c8401000 ---p 00000000 00:00 0 
7f60c8401000-7f60c84ff000 rw-p 00000000 00:00 0 
7f60c84ff000-7f60c8508000 r-xp 00000000 08:01 415997                     /usr/lib/jvm/java-8-openjdk-amd64/jre/lib/amd64/libmanagement.so
7f60c8508000-7f60c8707000 ---p 00009000 08:01 415997                     /usr/lib/jvm/java-8-openjdk-amd64/jre/lib/amd64/libmanagement.so
7f60c8707000-7f60c8708000 r--p 00008000 08:01 415997                     /usr/lib/jvm/java-8-openjdk-amd64/jre/lib/amd64/libmanagement.so
7f60c8708000-7f60c8709000 rw-p 00009000 08:01 415997                     /usr/lib/jvm/java-8-openjdk-amd64/jre/lib/amd64/libmanagement.so
7f60c8709000-7f60c870a000 ---p 00000000 00:00 0 
7f60c870a000-7f60c880a000 rw-p 00000000 00:00 0 
7f60c880a000-7f60c880d000 ---p 00000000 00:00 0 
7f60c880d000-7f60c890b000 rw-p 00000000 00:00 0 
7f60c890b000-7f60c8922000 r-xp 00000000 08:01 415999                     /usr/lib/jvm/java-8-openjdk-amd64/jre/lib/amd64/libnet.so
7f60c8922000-7f60c8b21000 ---p 00017000 08:01 415999                     /usr/lib/jvm/java-8-openjdk-amd64/jre/lib/amd64/libnet.so
7f60c8b21000-7f60c8b22000 r--p 00016000 08:01 415999                     /usr/lib/jvm/java-8-openjdk-amd64/jre/lib/amd64/libnet.so
7f60c8b22000-7f60c8b23000 rw-p 00017000 08:01 415999                     /usr/lib/jvm/java-8-openjdk-amd64/jre/lib/amd64/libnet.so
7f60c8b23000-7f60c8b26000 ---p 00000000 00:00 0 
7f60c8b26000-7f60c8c24000 rw-p 00000000 00:00 0 
7f60c8c24000-7f60c8c27000 ---p 00000000 00:00 0 
7f60c8c27000-7f60c8d25000 rw-p 00000000 00:00 0 
7f60c8d25000-7f60c8d28000 ---p 00000000 00:00 0 
7f60c8d28000-7f60c8e26000 rw-p 00000000 00:00 0 
7f60c8e26000-7f60c8e28000 r--s 0001a000 08:01 683477                     /home/mohed/bin/intellij/lib/idea_rt.jar
7f60c8e28000-7f60c8e3e000 r--s 000fc000 08:01 938987                     /home/mohed/.m2/repository/org/springframework/spring-core/4.3.8.RELEASE/spring-core-4.3.8.RELEASE.jar
7f60c8e3e000-7f60c8e48000 r--s 000e9000 08:01 939006                     /home/mohed/.m2/repository/mysql/mysql-connector-java/5.1.41/mysql-connector-java-5.1.41.jar
7f60c8e48000-7f60c8e4d000 r--s 0003c000 08:01 938969                     /home/mohed/.m2/repository/org/springframework/spring-expression/4.3.8.RELEASE/spring-expression-4.3.8.RELEASE.jar
7f60c8e4d000-7f60c8e5e000 r--s 000cf000 08:01 938961                     /home/mohed/.m2/repository/org/springframework/spring-webmvc/4.3.8.RELEASE/spring-webmvc-4.3.8.RELEASE.jar
7f60c8e5e000-7f60c8e6f000 r--s 000b7000 08:01 938974                     /home/mohed/.m2/repository/org/springframework/spring-web/4.3.8.RELEASE/spring-web-4.3.8.RELEASE.jar
7f60c8e6f000-7f60c8e72000 r--s 00042000 08:01 938994                     /home/mohed/.m2/repository/com/fasterxml/jackson/core/jackson-core/2.8.8/jackson-core-2.8.8.jar
7f60c8e72000-7f60c8e75000 r--s 0000b000 08:01 938979                     /home/mohed/.m2/repository/com/fasterxml/jackson/core/jackson-annotations/2.8.0/jackson-annotations-2.8.0.jar
7f60c8e75000-7f60c8e87000 r--s 0011d000 08:01 420278                     /home/mohed/.m2/repository/com/fasterxml/jackson/core/jackson-databind/2.8.8/jackson-databind-2.8.8.jar
7f60c8e87000-7f60c8e89000 r--s 0000e000 08:01 938910                     /home/mohed/.m2/repository/com/fasterxml/classmate/1.3.3/classmate-1.3.3.jar
7f60c8e89000-7f60c8e8d000 r--s 0000c000 08:01 420276                     /home/mohed/.m2/repository/javax/validation/validation-api/1.1.0.Final/validation-api-1.1.0.Final.jar
7f60c8e8d000-7f60c8e9e000 r--s 000a1000 08:01 938885                     /home/mohed/.m2/repository/org/hibernate/hibernate-validator/5.3.5.Final/hibernate-validator-5.3.5.Final.jar
7f60c8e9e000-7f60c8ea3000 r--s 00036000 08:01 938990                     /home/mohed/.m2/repository/org/apache/tomcat/embed/tomcat-embed-websocket/8.5.14/tomcat-embed-websocket-8.5.14.jar
7f60c8ea3000-7f60c8ea7000 r--s 00037000 08:01 938986                     /home/mohed/.m2/repository/org/apache/tomcat/embed/tomcat-embed-el/8.5.14/tomcat-embed-el-8.5.14.jar
7f60c8ea7000-7f60c8ed0000 r--s 002bf000 08:01 938966                     /home/mohed/.m2/repository/org/apache/tomcat/embed/tomcat-embed-core/8.5.14/tomcat-embed-core-8.5.14.jar
7f60c8ed0000-7f60c8ed1000 r--s 00000000 08:01 938957                     /home/mohed/.m2/repository/org/springframework/boot/spring-boot-starter-tomcat/1.5.3.RELEASE/spring-boot-starter-tomcat-1.5.3.RELEASE.jar
7f60c8ed1000-7f60c8ed2000 r--s 00000000 08:01 938932                     /home/mohed/.m2/repository/org/springframework/boot/spring-boot-starter-web/1.5.3.RELEASE/spring-boot-starter-web-1.5.3.RELEASE.jar
7f60c8ed2000-7f60c8f1f000 r--s 0040d000 08:01 938918                     /home/mohed/.m2/repository/org/codehaus/groovy/groovy/2.4.10/groovy-2.4.10.jar
7f60c8f1f000-7f60c8f22000 r--s 0001a000 08:01 938914                     /home/mohed/.m2/repository/nz/net/ultraq/thymeleaf/thymeleaf-layout-dialect/1.4.0/thymeleaf-layout-dialect-1.4.0.jar
7f60c8f22000-7f60c8f25000 r--s 00020000 08:01 938980                     /home/mohed/.m2/repository/org/unbescape/unbescape/1.1.0.RELEASE/unbescape-1.1.0.RELEASE.jar
7f60c8f25000-7f60c8f28000 r--s 00035000 08:01 938976                     /home/mohed/.m2/repository/ognl/ognl/3.0.8/ognl-3.0.8.jar
7f60c8f28000-7f60c8f35000 r--s 000b7000 08:01 938971                     /home/mohed/.m2/repository/org/thymeleaf/thymeleaf/2.1.5.RELEASE/thymeleaf-2.1.5.RELEASE.jar
7f60c8f35000-7f60c8f38000 r--s 00034000 08:01 938967                     /home/mohed/.m2/repository/org/thymeleaf/thymeleaf-spring4/2.1.5.RELEASE/thymeleaf-spring4-2.1.5.RELEASE.jar
7f60c8f38000-7f60c8f39000 r--s 00000000 08:01 938934                     /home/mohed/.m2/repository/org/springframework/boot/spring-boot-starter-thymeleaf/1.5.3.RELEASE/spring-boot-starter-thymeleaf-1.5.3.RELEASE.jar
7f60c8f39000-7f60c8f3c000 r--s 0000c000 08:01 938901                     /home/mohed/.m2/repository/org/springframework/spring-aspects/4.3.8.RELEASE/spring-aspects-4.3.8.RELEASE.jar
7f60c8f3c000-7f60c8f3e000 r--s 00003000 08:01 938935                     /home/mohed/.m2/repository/org/slf4j/jcl-over-slf4j/1.7.25/jcl-over-slf4j-1.7.25.jar
7f60c8f3e000-7f60c8f40000 r--s 00009000 08:01 939008                     /home/mohed/.m2/repository/org/slf4j/slf4j-api/1.7.25/slf4j-api-1.7.25.jar
7f60c8f40000-7f60c8f4e000 r--s 000ad000 08:01 938975                     /home/mohed/.m2/repository/org/springframework/spring-beans/4.3.8.RELEASE/spring-beans-4.3.8.RELEASE.jar
7f60c8f4e000-7f60c8f56000 r--s 0003a000 08:01 938956                     /home/mohed/.m2/repository/org/springframework/spring-tx/4.3.8.RELEASE/spring-tx-4.3.8.RELEASE.jar
7f60c8f56000-7f60c8f70000 r--s 000fd000 08:01 938884                     /home/mohed/.m2/repository/org/springframework/spring-context/4.3.8.RELEASE/spring-context-4.3.8.RELEASE.jar
7f60c8f70000-7f60c8f7a000 r--s 0006b000 08:01 938900                     /home/mohed/.m2/repository/org/springframework/spring-orm/4.3.8.RELEASE/spring-orm-4.3.8.RELEASE.jar
7f60c8f7a000-7f60c8f8c000 r--s 000a9000 08:01 938951                     /home/mohed/.m2/repository/org/springframework/data/spring-data-commons/1.13.3.RELEASE/spring-data-commons-1.13.3.RELEASE.jar
7f60c8f8c000-7f60c8f93000 r--s 00040000 08:01 938948                     /home/mohed/.m2/repository/org/springframework/data/spring-data-jpa/1.11.3.RELEASE/spring-data-jpa-1.11.3.RELEASE.jar
7f60c8f93000-7f60c8f95000 r--s 00006000 08:01 420268                     /home/mohed/.m2/repository/javax/transaction/javax.transaction-api/1.2/javax.transaction-api-1.2.jar
7f60c8f95000-7f60c8fa2000 r--s 00089000 08:01 938947                     /home/mohed/.m2/repository/org/hibernate/hibernate-entitymanager/5.0.12.Final/hibernate-entitymanager-5.0.12.Final.jar
7f60c8fa2000-7f60c8fa5000 r--s 00010000 08:01 938931                     /home/mohed/.m2/repository/org/hibernate/common/hibernate-commons-annotations/5.0.1.Final/hibernate-commons-annotations-5.0.1.Final.jar
7f60c8fa5000-7f60c8faa000 r--s 00048000 08:01 938945                     /home/mohed/.m2/repository/dom4j/dom4j/1.6.1/dom4j-1.6.1.jar
7f60c8faa000-7f60c8fad000 r--s 0002b000 08:01 938938                     /home/mohed/.m2/repository/org/jboss/jandex/2.0.0.Final/jandex-2.0.0.Final.jar
7f60c8fad000-7f60c8fb2000 r--s 00068000 08:01 938936                     /home/mohed/.m2/repository/antlr/antlr/2.7.7/antlr-2.7.7.jar
7f60c8fb2000-7f60c8fbc000 r--s 000aa000 08:01 938978                     /home/mohed/.m2/repository/org/javassist/javassist/3.21.0-GA/javassist-3.21.0-GA.jar
7f60c8fbc000-7f60c8fc1000 r--s 00017000 08:01 938942                     /home/mohed/.m2/repository/org/hibernate/javax/persistence/hibernate-jpa-2.1-api/1.0.0.Final/hibernate-jpa-2.1-api-1.0.0.Final.jar
7f60c8fc1000-7f60c8fc4000 r--s 0000e000 08:01 938941                     /home/mohed/.m2/repository/org/jboss/logging/jboss-logging/3.3.1.Final/jboss-logging-3.3.1.Final.jar
7f60c8fc4000-7f60c902d000 r--s 004f3000 08:01 938928                     /home/mohed/.m2/repository/org/hibernate/hibernate-core/5.0.12.Final/hibernate-core-5.0.12.Final.jar
7f60c902d000-7f60c9037000 r--s 0005f000 08:01 938933                     /home/mohed/.m2/repository/org/springframework/spring-jdbc/4.3.8.RELEASE/spring-jdbc-4.3.8.RELEASE.jar
7f60c9037000-7f60c9039000 r--s 00009000 08:01 938913                     /home/mohed/.m2/repository/org/apache/tomcat/tomcat-juli/8.5.14/tomcat-juli-8.5.14.jar
7f60c9039000-7f60c903c000 r--s 00021000 08:01 938921                     /home/mohed/.m2/repository/org/apache/tomcat/tomcat-jdbc/8.5.14/tomcat-jdbc-8.5.14.jar
7f60c903c000-7f60c903d000 r--s 00000000 08:01 938919                     /home/mohed/.m2/repository/org/springframework/boot/spring-boot-starter-jdbc/1.5.3.RELEASE/spring-boot-starter-jdbc-1.5.3.RELEASE.jar
7f60c903d000-7f60c9055000 r--s 001bf000 08:01 938953                     /home/mohed/.m2/repository/org/aspectj/aspectjweaver/1.8.10/aspectjweaver-1.8.10.jar
7f60c9055000-7f60c905e000 r--s 00054000 08:01 938925                     /home/mohed/.m2/repository/org/springframework/spring-aop/4.3.8.RELEASE/spring-aop-4.3.8.RELEASE.jar
7f60c905e000-7f60c905f000 r--s 00000000 08:01 938899                     /home/mohed/.m2/repository/org/springframework/boot/spring-boot-starter-aop/1.5.3.RELEASE/spring-boot-starter-aop-1.5.3.RELEASE.jar
7f60c905f000-7f60c9065000 r--s 0003d000 08:01 938887                     /home/mohed/.m2/repository/org/yaml/snakeyaml/1.17/snakeyaml-1.17.jar
7f60c9065000-7f60c9067000 r--s 00004000 08:01 938906                     /home/mohed/.m2/repository/org/slf4j/log4j-over-slf4j/1.7.25/log4j-over-slf4j-1.7.25.jar
7f60c9067000-7f60c9069000 r--s 00000000 08:01 938902                     /home/mohed/.m2/repository/org/slf4j/jul-to-slf4j/1.7.25/jul-to-slf4j-1.7.25.jar
7f60c9069000-7f60c9074000 r--s 0006a000 08:01 938896                     /home/mohed/.m2/repository/ch/qos/logback/logback-core/1.1.11/logback-core-1.1.11.jar
7f60c9074000-7f60c907b000 r--s 00045000 08:01 938894                     /home/mohed/.m2/repository/ch/qos/logback/logback-classic/1.1.11/logback-classic-1.1.11.jar
7f60c907b000-7f60c907c000 r--s 00000000 08:01 938892                     /home/mohed/.m2/repository/org/springframework/boot/spring-boot-starter-logging/1.5.3.RELEASE/spring-boot-starter-logging-1.5.3.RELEASE.jar
7f60c907c000-7f60c909c000 r--s 000e4000 08:01 938981                     /home/mohed/.m2/repository/org/springframework/boot/spring-boot-autoconfigure/1.5.3.RELEASE/spring-boot-autoconfigure-1.5.3.RELEASE.jar
7f60c909c000-7f60c90ac000 r--s 00094000 08:01 939010                     /home/mohed/.m2/repository/org/springframework/boot/spring-boot/1.5.3.RELEASE/spring-boot-1.5.3.RELEASE.jar
7f60c90ac000-7f60c90ad000 r--s 00000000 08:01 938905                     /home/mohed/.m2/repository/org/springframework/boot/spring-boot-starter/1.5.3.RELEASE/spring-boot-starter-1.5.3.RELEASE.jar
7f60c90ad000-7f60c90c0000 r--s 00346000 08:01 416019                     /usr/lib/jvm/java-8-openjdk-amd64/jre/lib/resources.jar
7f60c90c0000-7f60c90c4000 r--s 0009a000 08:01 416015                     /usr/lib/jvm/java-8-openjdk-amd64/jre/lib/jsse.jar
7f60c90c4000-7f60c90c9000 r--s 002f9000 08:01 416008                     /usr/lib/jvm/java-8-openjdk-amd64/jre/lib/charsets.jar
7f60c90c9000-7f60c90e4000 r--s 001d6000 08:01 567637                     /usr/lib/jvm/java-8-openjdk-amd64/jre/lib/ext/nashorn.jar
7f60c90e4000-7f60c90e7000 ---p 00000000 00:00 0 
7f60c90e7000-7f60c91e5000 rw-p 00000000 00:00 0 
7f60c91e5000-7f60c9d2d000 r--p 00000000 08:01 140838                     /usr/lib/locale/locale-archive
7f60c9d2d000-7f60c9d30000 ---p 00000000 00:00 0 
7f60c9d30000-7f60c9e2e000 rw-p 00000000 00:00 0 
7f60c9e2e000-7f60c9e31000 ---p 00000000 00:00 0 
7f60c9e31000-7f60c9f2f000 rw-p 00000000 00:00 0 
7f60c9f2f000-7f60c9f30000 ---p 00000000 00:00 0 
7f60c9f30000-7f60ca939000 rw-p 00000000 00:00 0 
7f60ca939000-7f60cab07000 r--s 03c06000 08:01 416020                     /usr/lib/jvm/java-8-openjdk-amd64/jre/lib/rt.jar
7f60cab07000-7f60cc417000 rw-p 00000000 00:00 0 
7f60cc417000-7f60cc418000 ---p 00000000 00:00 0 
7f60cc418000-7f60cc518000 rw-p 00000000 00:00 0 
7f60cc518000-7f60cc519000 ---p 00000000 00:00 0 
7f60cc519000-7f60cc630000 rw-p 00000000 00:00 0 
7f60cc630000-7f60cc9d9000 ---p 00000000 00:00 0 
7f60cc9d9000-7f60ccf89000 rwxp 00000000 00:00 0 
7f60ccf89000-7f60db9d9000 ---p 00000000 00:00 0 
7f60db9d9000-7f60db9e1000 r-xp 00000000 08:01 416007                     /usr/lib/jvm/java-8-openjdk-amd64/jre/lib/amd64/libzip.so
7f60db9e1000-7f60dbbe0000 ---p 00008000 08:01 416007                     /usr/lib/jvm/java-8-openjdk-amd64/jre/lib/amd64/libzip.so
7f60dbbe0000-7f60dbbe1000 r--p 00007000 08:01 416007                     /usr/lib/jvm/java-8-openjdk-amd64/jre/lib/amd64/libzip.so
7f60dbbe1000-7f60dbbe2000 rw-p 00008000 08:01 416007                     /usr/lib/jvm/java-8-openjdk-amd64/jre/lib/amd64/libzip.so
7f60dbbe2000-7f60dbbed000 r-xp 00000000 08:01 268635                     /lib/x86_64-linux-gnu/libnss_files-2.24.so
7f60dbbed000-7f60dbdec000 ---p 0000b000 08:01 268635                     /lib/x86_64-linux-gnu/libnss_files-2.24.so
7f60dbdec000-7f60dbded000 r--p 0000a000 08:01 268635                     /lib/x86_64-linux-gnu/libnss_files-2.24.so
7f60dbded000-7f60dbdee000 rw-p 0000b000 08:01 268635                     /lib/x86_64-linux-gnu/libnss_files-2.24.so
7f60dbdee000-7f60dbdf4000 rw-p 00000000 00:00 0 
7f60dbdf4000-7f60dbdff000 r-xp 00000000 08:01 268645                     /lib/x86_64-linux-gnu/libnss_nis-2.24.so
7f60dbdff000-7f60dbffe000 ---p 0000b000 08:01 268645                     /lib/x86_64-linux-gnu/libnss_nis-2.24.so
7f60dbffe000-7f60dbfff000 r--p 0000a000 08:01 268645                     /lib/x86_64-linux-gnu/libnss_nis-2.24.so
7f60dbfff000-7f60dc000000 rw-p 0000b000 08:01 268645                     /lib/x86_64-linux-gnu/libnss_nis-2.24.so
7f60dc000000-7f60dca79000 rw-p 00000000 00:00 0 
7f60dca79000-7f60e0000000 ---p 00000000 00:00 0 
7f60e0000000-7f60e0003000 r--s 00015000 08:01 416013                     /usr/lib/jvm/java-8-openjdk-amd64/jre/lib/jce.jar
7f60e0003000-7f60e00b8000 rw-p 00000000 00:00 0 
7f60e00b8000-7f60e0151000 ---p 00000000 00:00 0 
7f60e0151000-7f60e018e000 rw-p 00000000 00:00 0 
7f60e018e000-7f60e01a5000 ---p 00000000 00:00 0 
7f60e01a5000-7f60e01a6000 rw-p 00000000 00:00 0 
7f60e01a6000-7f60e01bc000 r-xp 00000000 08:01 268629                     /lib/x86_64-linux-gnu/libnsl-2.24.so
7f60e01bc000-7f60e03bb000 ---p 00016000 08:01 268629                     /lib/x86_64-linux-gnu/libnsl-2.24.so
7f60e03bb000-7f60e03bc000 r--p 00015000 08:01 268629                     /lib/x86_64-linux-gnu/libnsl-2.24.so
7f60e03bc000-7f60e03bd000 rw-p 00016000 08:01 268629                     /lib/x86_64-linux-gnu/libnsl-2.24.so
7f60e03bd000-7f60e03bf000 rw-p 00000000 00:00 0 
7f60e03bf000-7f60e03c7000 r-xp 00000000 08:01 268631                     /lib/x86_64-linux-gnu/libnss_compat-2.24.so
7f60e03c7000-7f60e05c6000 ---p 00008000 08:01 268631                     /lib/x86_64-linux-gnu/libnss_compat-2.24.so
7f60e05c6000-7f60e05c7000 r--p 00007000 08:01 268631                     /lib/x86_64-linux-gnu/libnss_compat-2.24.so
7f60e05c7000-7f60e05c8000 rw-p 00008000 08:01 268631                     /lib/x86_64-linux-gnu/libnss_compat-2.24.so
7f60e05c8000-7f60e05d2000 r-xp 00000000 08:01 415983                     /usr/lib/jvm/java-8-openjdk-amd64/jre/lib/amd64/libinstrument.so
7f60e05d2000-7f60e07d1000 ---p 0000a000 08:01 415983                     /usr/lib/jvm/java-8-openjdk-amd64/jre/lib/amd64/libinstrument.so
7f60e07d1000-7f60e07d2000 r--p 00009000 08:01 415983                     /usr/lib/jvm/java-8-openjdk-amd64/jre/lib/amd64/libinstrument.so
7f60e07d2000-7f60e07d3000 rw-p 0000a000 08:01 415983                     /usr/lib/jvm/java-8-openjdk-amd64/jre/lib/amd64/libinstrument.so
7f60e07d3000-7f60e0800000 r-xp 00000000 08:01 415988                     /usr/lib/jvm/java-8-openjdk-amd64/jre/lib/amd64/libjava.so
7f60e0800000-7f60e09ff000 ---p 0002d000 08:01 415988                     /usr/lib/jvm/java-8-openjdk-amd64/jre/lib/amd64/libjava.so
7f60e09ff000-7f60e0a00000 r--p 0002c000 08:01 415988                     /usr/lib/jvm/java-8-openjdk-amd64/jre/lib/amd64/libjava.so
7f60e0a00000-7f60e0a02000 rw-p 0002d000 08:01 415988                     /usr/lib/jvm/java-8-openjdk-amd64/jre/lib/amd64/libjava.so
7f60e0a02000-7f60e0a11000 r-xp 00000000 08:01 416006                     /usr/lib/jvm/java-8-openjdk-amd64/jre/lib/amd64/libverify.so
7f60e0a11000-7f60e0c10000 ---p 0000f000 08:01 416006                     /usr/lib/jvm/java-8-openjdk-amd64/jre/lib/amd64/libverify.so
7f60e0c10000-7f60e0c12000 r--p 0000e000 08:01 416006                     /usr/lib/jvm/java-8-openjdk-amd64/jre/lib/amd64/libverify.so
7f60e0c12000-7f60e0c13000 rw-p 00010000 08:01 416006                     /usr/lib/jvm/java-8-openjdk-amd64/jre/lib/amd64/libverify.so
7f60e0c13000-7f60e0c1a000 r-xp 00000000 08:01 268689                     /lib/x86_64-linux-gnu/librt-2.24.so
7f60e0c1a000-7f60e0e19000 ---p 00007000 08:01 268689                     /lib/x86_64-linux-gnu/librt-2.24.so
7f60e0e19000-7f60e0e1a000 r--p 00006000 08:01 268689                     /lib/x86_64-linux-gnu/librt-2.24.so
7f60e0e1a000-7f60e0e1b000 rw-p 00007000 08:01 268689                     /lib/x86_64-linux-gnu/librt-2.24.so
7f60e0e1b000-7f60e0e31000 r-xp 00000000 08:01 268578                     /lib/x86_64-linux-gnu/libgcc_s.so.1
7f60e0e31000-7f60e1030000 ---p 00016000 08:01 268578                     /lib/x86_64-linux-gnu/libgcc_s.so.1
7f60e1030000-7f60e1031000 r--p 00015000 08:01 268578                     /lib/x86_64-linux-gnu/libgcc_s.so.1
7f60e1031000-7f60e1032000 rw-p 00016000 08:01 268578                     /lib/x86_64-linux-gnu/libgcc_s.so.1
7f60e1032000-7f60e113a000 r-xp 00000000 08:01 268606                     /lib/x86_64-linux-gnu/libm-2.24.so
7f60e113a000-7f60e1339000 ---p 00108000 08:01 268606                     /lib/x86_64-linux-gnu/libm-2.24.so
7f60e1339000-7f60e133a000 r--p 00107000 08:01 268606                     /lib/x86_64-linux-gnu/libm-2.24.so
7f60e133a000-7f60e133b000 rw-p 00108000 08:01 268606                     /lib/x86_64-linux-gnu/libm-2.24.so
7f60e133b000-7f60e14b4000 r-xp 00000000 08:01 146855                     /usr/lib/x86_64-linux-gnu/libstdc++.so.6.0.22
7f60e14b4000-7f60e16b3000 ---p 00179000 08:01 146855                     /usr/lib/x86_64-linux-gnu/libstdc++.so.6.0.22
7f60e16b3000-7f60e16bd000 r--p 00178000 08:01 146855                     /usr/lib/x86_64-linux-gnu/libstdc++.so.6.0.22
7f60e16bd000-7f60e16bf000 rw-p 00182000 08:01 146855                     /usr/lib/x86_64-linux-gnu/libstdc++.so.6.0.22
7f60e16bf000-7f60e16c3000 rw-p 00000000 00:00 0 
7f60e16c3000-7f60e2318000 r-xp 00000000 08:01 567624                     /usr/lib/jvm/java-8-openjdk-amd64/jre/lib/amd64/server/libjvm.so
7f60e2318000-7f60e2518000 ---p 00c55000 08:01 567624                     /usr/lib/jvm/java-8-openjdk-amd64/jre/lib/amd64/server/libjvm.so
7f60e2518000-7f60e25ab000 r--p 00c55000 08:01 567624                     /usr/lib/jvm/java-8-openjdk-amd64/jre/lib/amd64/server/libjvm.so
7f60e25ab000-7f60e25d4000 rw-p 00ce8000 08:01 567624                     /usr/lib/jvm/java-8-openjdk-amd64/jre/lib/amd64/server/libjvm.so
7f60e25d4000-7f60e2604000 rw-p 00000000 00:00 0 
7f60e2604000-7f60e261c000 r-xp 00000000 08:01 268681                     /lib/x86_64-linux-gnu/libpthread-2.24.so
7f60e261c000-7f60e281c000 ---p 00018000 08:01 268681                     /lib/x86_64-linux-gnu/libpthread-2.24.so
7f60e281c000-7f60e281d000 r--p 00018000 08:01 268681                     /lib/x86_64-linux-gnu/libpthread-2.24.so
7f60e281d000-7f60e281e000 rw-p 00019000 08:01 268681                     /lib/x86_64-linux-gnu/libpthread-2.24.so
7f60e281e000-7f60e2822000 rw-p 00000000 00:00 0 
7f60e2822000-7f60e2825000 r-xp 00000000 08:01 268564                     /lib/x86_64-linux-gnu/libdl-2.24.so
7f60e2825000-7f60e2a24000 ---p 00003000 08:01 268564                     /lib/x86_64-linux-gnu/libdl-2.24.so
7f60e2a24000-7f60e2a25000 r--p 00002000 08:01 268564                     /lib/x86_64-linux-gnu/libdl-2.24.so
7f60e2a25000-7f60e2a26000 rw-p 00003000 08:01 268564                     /lib/x86_64-linux-gnu/libdl-2.24.so
7f60e2a26000-7f60e2a41000 r-xp 00000000 08:01 268721                     /lib/x86_64-linux-gnu/libz.so.1.2.11
7f60e2a41000-7f60e2c40000 ---p 0001b000 08:01 268721                     /lib/x86_64-linux-gnu/libz.so.1.2.11
7f60e2c40000-7f60e2c41000 r--p 0001a000 08:01 268721                     /lib/x86_64-linux-gnu/libz.so.1.2.11
7f60e2c41000-7f60e2c42000 rw-p 0001b000 08:01 268721                     /lib/x86_64-linux-gnu/libz.so.1.2.11
7f60e2c42000-7f60e2dff000 r-xp 00000000 08:01 268538                     /lib/x86_64-linux-gnu/libc-2.24.so
7f60e2dff000-7f60e2fff000 ---p 001bd000 08:01 268538                     /lib/x86_64-linux-gnu/libc-2.24.so
7f60e2fff000-7f60e3003000 r--p 001bd000 08:01 268538                     /lib/x86_64-linux-gnu/libc-2.24.so
7f60e3003000-7f60e3005000 rw-p 001c1000 08:01 268538                     /lib/x86_64-linux-gnu/libc-2.24.so
7f60e3005000-7f60e3009000 rw-p 00000000 00:00 0 
7f60e3009000-7f60e3016000 r-xp 00000000 08:01 567621                     /usr/lib/jvm/java-8-openjdk-amd64/jre/lib/amd64/jli/libjli.so
7f60e3016000-7f60e3216000 ---p 0000d000 08:01 567621                     /usr/lib/jvm/java-8-openjdk-amd64/jre/lib/amd64/jli/libjli.so
7f60e3216000-7f60e3217000 r--p 0000d000 08:01 567621                     /usr/lib/jvm/java-8-openjdk-amd64/jre/lib/amd64/jli/libjli.so
7f60e3217000-7f60e3218000 rw-p 0000e000 08:01 567621                     /usr/lib/jvm/java-8-openjdk-amd64/jre/lib/amd64/jli/libjli.so
7f60e3218000-7f60e323d000 r-xp 00000000 08:01 268510                     /lib/x86_64-linux-gnu/ld-2.24.so
7f60e323d000-7f60e323e000 r--s 00000000 08:01 938880                     /home/mohed/.m2/repository/org/springframework/boot/spring-boot-starter-data-jpa/1.5.3.RELEASE/spring-boot-starter-data-jpa-1.5.3.RELEASE.jar
7f60e323e000-7f60e323f000 r--s 00000000 08:01 416017                     /usr/lib/jvm/java-8-openjdk-amd64/jre/lib/management-agent.jar
7f60e323f000-7f60e3241000 r--s 00007000 08:01 268592                     /usr/share/java/java-atk-wrapper.jar
7f60e3241000-7f60e3244000 r--s 0000f000 08:01 567634                     /usr/lib/jvm/java-8-openjdk-amd64/jre/lib/ext/icedtea-sound.jar
7f60e3244000-7f60e3245000 r--s 0000a000 08:01 567635                     /usr/lib/jvm/java-8-openjdk-amd64/jre/lib/ext/jaccess.jar
7f60e3245000-7f60e3247000 r--s 00001000 08:01 567633                     /usr/lib/jvm/java-8-openjdk-amd64/jre/lib/ext/dnsns.jar
7f60e3247000-7f60e3262000 r--s 00394000 08:01 567632                     /usr/lib/jvm/java-8-openjdk-amd64/jre/lib/ext/cldrdata.jar
7f60e3262000-7f60e3266000 r--s 00037000 08:01 567640                     /usr/lib/jvm/java-8-openjdk-amd64/jre/lib/ext/sunpkcs11.jar
7f60e3266000-7f60e3270000 r--s 00116000 08:01 567636                     /usr/lib/jvm/java-8-openjdk-amd64/jre/lib/ext/localedata.jar
7f60e3270000-7f60e3275000 r--s 0003b000 08:01 567639                     /usr/lib/jvm/java-8-openjdk-amd64/jre/lib/ext/sunjce_provider.jar
7f60e3275000-7f60e3282000 rw-p 00000000 00:00 0 
7f60e3282000-7f60e331c000 ---p 00000000 00:00 0 
7f60e331c000-7f60e331f000 ---p 00000000 00:00 0 
7f60e331f000-7f60e3421000 rw-p 00000000 00:00 0 
7f60e3421000-7f60e3422000 r--s 00010000 08:01 567641                     /usr/lib/jvm/java-8-openjdk-amd64/jre/lib/ext/zipfs.jar
7f60e3422000-7f60e3424000 r--s 00007000 08:01 268592                     /usr/share/java/java-atk-wrapper.jar
7f60e3424000-7f60e3426000 r--s 00008000 08:01 567638                     /usr/lib/jvm/java-8-openjdk-amd64/jre/lib/ext/sunec.jar
7f60e3426000-7f60e3430000 rw-p 00000000 00:00 0 
7f60e3430000-7f60e3438000 rw-s 00000000 08:01 48                         /tmp/hsperfdata_mohed/16134
7f60e3438000-7f60e3439000 rw-p 00000000 00:00 0 
7f60e3439000-7f60e343a000 ---p 00000000 00:00 0 
7f60e343a000-7f60e343d000 rw-p 00000000 00:00 0 
7f60e343d000-7f60e343e000 r--p 00025000 08:01 268510                     /lib/x86_64-linux-gnu/ld-2.24.so
7f60e343e000-7f60e343f000 rw-p 00026000 08:01 268510                     /lib/x86_64-linux-gnu/ld-2.24.so
7f60e343f000-7f60e3440000 rw-p 00000000 00:00 0 
7ffdd9e03000-7ffdd9e26000 rw-p 00000000 00:00 0                          [stack]
7ffdd9f1a000-7ffdd9f1c000 r--p 00000000 00:00 0                          [vvar]
7ffdd9f1c000-7ffdd9f1e000 r-xp 00000000 00:00 0                          [vdso]
ffffffffff600000-ffffffffff601000 r-xp 00000000 00:00 0                  [vsyscall]

VM Arguments:
jvm_args: -XX:TieredStopAtLevel=1 -Xverify:none -Dspring.output.ansi.enabled=always -javaagent:/home/mohed/bin/intellij/lib/idea_rt.jar=44833:/home/mohed/bin/intellij/bin -Dfile.encoding=UTF-8 
java_command: com.su.mohed.PocmangoApplication
java_class_path (initial): /usr/lib/jvm/java-1.8.0-openjdk-amd64/jre/lib/charsets.jar:/usr/lib/jvm/java-1.8.0-openjdk-amd64/jre/lib/ext/cldrdata.jar:/usr/lib/jvm/java-1.8.0-openjdk-amd64/jre/lib/ext/dnsns.jar:/usr/lib/jvm/java-1.8.0-openjdk-amd64/jre/lib/ext/icedtea-sound.jar:/usr/lib/jvm/java-1.8.0-openjdk-amd64/jre/lib/ext/jaccess.jar:/usr/lib/jvm/java-1.8.0-openjdk-amd64/jre/lib/ext/java-atk-wrapper.jar:/usr/lib/jvm/java-1.8.0-openjdk-amd64/jre/lib/ext/localedata.jar:/usr/lib/jvm/java-1.8.0-openjdk-amd64/jre/lib/ext/nashorn.jar:/usr/lib/jvm/java-1.8.0-openjdk-amd64/jre/lib/ext/sunec.jar:/usr/lib/jvm/java-1.8.0-openjdk-amd64/jre/lib/ext/sunjce_provider.jar:/usr/lib/jvm/java-1.8.0-openjdk-amd64/jre/lib/ext/sunpkcs11.jar:/usr/lib/jvm/java-1.8.0-openjdk-amd64/jre/lib/ext/zipfs.jar:/usr/lib/jvm/java-1.8.0-openjdk-amd64/jre/lib/jce.jar:/usr/lib/jvm/java-1.8.0-openjdk-amd64/jre/lib/jsse.jar:/usr/lib/jvm/java-1.8.0-openjdk-amd64/jre/lib/management-agent.jar:/usr/lib/jvm/java-1.8.0-openjdk-amd64/jre/lib/resources.jar:/usr/lib/jvm/java-1.8.0-openjdk-amd64/jre/lib/rt.jar:/home/mohed/development/pocmango/target/classes:/home/mohed/.m2/repository/org/springframework/boot/spring-boot-starter-data-jpa/1.5.3.RELEASE/spring-boot-starter-data-jpa-1.5.3.RELEASE.jar:/home/mohed/.m2/repository/org/springframework/boot/spring-boot-starter/1.5.3.RELEASE/spring-boot-starter-1.5.3.RELEASE.jar:/home/mohed/.m2/repository/org/springframework/boot/spring-boot/1.5.3.RELEASE/spring-boot-1.5.3.RELEASE.jar:/home/mohed/.m2/repository/org/springframework/boot/spring-boot-autoconfigure/1.5.3.RELEASE/spring-boot-autoconfigure-1.5.3.RELEASE.jar:/home/mohed/.m2/repository/org/springframework/boot/spring-boot-starter-logging/1.5.3.RELEASE/spring-boot-starter-logging-1.5.3.RELEASE.jar:/home/mohed/.m2/repository/ch/qos/logback/logback-classic/1.1.11/logback-classic-1.1.11.jar:/home/mohed/.m2/repository/ch/qos/logback/logback-core/1.1.11/logback-core-1.1.11.jar:/home/mohed/.m2/repository/org/slf4j/jul-t
Launcher Type: SUN_STANDARD

Environment Variables:
PATH=/usr/local/sbin:/usr/local/bin:/usr/sbin:/usr/bin:/sbin:/bin:/usr/games:/usr/local/games:/snap/bin
LD_LIBRARY_PATH=.:
SHELL=/bin/bash
DISPLAY=:0

Signal Handlers:
SIGSEGV: [libjvm.so+0xa6c7e0], sa_mask[0]=11111111011111111101111111111110, sa_flags=SA_RESTART|SA_SIGINFO
SIGBUS: [libjvm.so+0xa6c7e0], sa_mask[0]=11111111011111111101111111111110, sa_flags=SA_RESTART|SA_SIGINFO
SIGFPE: [libjvm.so+0x8b64a0], sa_mask[0]=11111111011111111101111111111110, sa_flags=SA_RESTART|SA_SIGINFO
SIGPIPE: [libjvm.so+0x8b64a0], sa_mask[0]=11111111011111111101111111111110, sa_flags=SA_RESTART|SA_SIGINFO
SIGXFSZ: [libjvm.so+0x8b64a0], sa_mask[0]=11111111011111111101111111111110, sa_flags=SA_RESTART|SA_SIGINFO
SIGILL: [libjvm.so+0x8b64a0], sa_mask[0]=11111111011111111101111111111110, sa_flags=SA_RESTART|SA_SIGINFO
SIGUSR1: SIG_DFL, sa_mask[0]=00000000000000000000000000000000, sa_flags=none
SIGUSR2: [libjvm.so+0x8b6350], sa_mask[0]=00100000000000000000000000000000, sa_flags=SA_RESTART|SA_SIGINFO
SIGHUP: [libjvm.so+0x8b6800], sa_mask[0]=11111111011111111101111111111110, sa_flags=SA_RESTART|SA_SIGINFO
SIGINT: [libjvm.so+0x8b6800], sa_mask[0]=11111111011111111101111111111110, sa_flags=SA_RESTART|SA_SIGINFO
SIGTERM: [libjvm.so+0x8b6800], sa_mask[0]=11111111011111111101111111111110, sa_flags=SA_RESTART|SA_SIGINFO
SIGQUIT: [libjvm.so+0x8b6800], sa_mask[0]=11111111011111111101111111111110, sa_flags=SA_RESTART|SA_SIGINFO


---------------  S Y S T E M  ---------------

OS:DISTRIB_ID=Ubuntu
DISTRIB_RELEASE=17.04
DISTRIB_CODENAME=zesty
DISTRIB_DESCRIPTION="Ubuntu 17.04"

uname:Linux 4.10.0-20-generic #22-Ubuntu SMP Thu Apr 20 09:22:42 UTC 2017 x86_64
libc:glibc 2.24 NPTL 2.24 
rlimit: STACK 8192k, CORE 0k, NPROC 7813, NOFILE 4096, AS infinity
load average:0,39 0,18 0,07

/proc/meminfo:
MemTotal:        2045824 kB
MemFree:           52772 kB
MemAvailable:          0 kB
Buffers:             284 kB
Cached:            57732 kB
SwapCached:        38080 kB
Active:          1398620 kB
Inactive:         468440 kB
Active(anon):    1396484 kB
Inactive(anon):   466364 kB
Active(file):       2136 kB
Inactive(file):     2076 kB
Unevictable:          32 kB
Mlocked:              32 kB
SwapTotal:        777300 kB
SwapFree:              0 kB
Dirty:                 8 kB
Writeback:            28 kB
AnonPages:       1771112 kB
Mapped:            51584 kB
Shmem:             53804 kB
Slab:              51744 kB
SReclaimable:      22384 kB
SUnreclaim:        29360 kB
KernelStack:        9968 kB
PageTables:        39628 kB
NFS_Unstable:          0 kB
Bounce:                0 kB
WritebackTmp:          0 kB
CommitLimit:     1800212 kB
Committed_AS:    6912748 kB
VmallocTotal:   34359738367 kB
VmallocUsed:           0 kB
VmallocChunk:          0 kB
HardwareCorrupted:     0 kB
AnonHugePages:    598016 kB
ShmemHugePages:        0 kB
ShmemPmdMapped:        0 kB
CmaTotal:              0 kB
CmaFree:               0 kB
HugePages_Total:       0
HugePages_Free:        0
HugePages_Rsvd:        0
HugePages_Surp:        0
Hugepagesize:       2048 kB
DirectMap4k:      120768 kB
DirectMap2M:     1976320 kB


CPU:total 2 (2 cores per cpu, 1 threads per core) family 6 model 70 stepping 1, cmov, cx8, fxsr, mmx, sse, sse2, sse3, ssse3, sse4.1, sse4.2, popcnt, avx, aes, clmul, lzcnt, tsc, tscinvbit

/proc/cpuinfo:
processor	: 0
vendor_id	: GenuineIntel
cpu family	: 6
model		: 70
model name	: Intel(R) Core(TM) i7-4980HQ CPU @ 2.80GHz
stepping	: 1
cpu MHz		: 2793.532
cache size	: 6144 KB
physical id	: 0
siblings	: 2
core id		: 0
cpu cores	: 2
apicid		: 0
initial apicid	: 0
fpu		: yes
fpu_exception	: yes
cpuid level	: 13
wp		: yes
flags		: fpu vme de pse tsc msr pae mce cx8 apic sep mtrr pge mca cmov pat pse36 clflush mmx fxsr sse sse2 ht syscall nx rdtscp lm constant_tsc rep_good nopl xtopology nonstop_tsc pni pclmulqdq ssse3 cx16 sse4_1 sse4_2 x2apic movbe popcnt aes xsave avx rdrand hypervisor lahf_lm abm
bugs		:
bogomips	: 5587.06
clflush size	: 64
cache_alignment	: 64
address sizes	: 39 bits physical, 48 bits virtual
power management:

processor	: 1
vendor_id	: GenuineIntel
cpu family	: 6
model		: 70
model name	: Intel(R) Core(TM) i7-4980HQ CPU @ 2.80GHz
stepping	: 1
cpu MHz		: 2793.532
cache size	: 6144 KB
physical id	: 0
siblings	: 2
core id		: 1
cpu cores	: 2
apicid		: 1
initial apicid	: 1
fpu		: yes
fpu_exception	: yes
cpuid level	: 13
wp		: yes
flags		: fpu vme de pse tsc msr pae mce cx8 apic sep mtrr pge mca cmov pat pse36 clflush mmx fxsr sse sse2 ht syscall nx rdtscp lm constant_tsc rep_good nopl xtopology nonstop_tsc pni pclmulqdq ssse3 cx16 sse4_1 sse4_2 x2apic movbe popcnt aes xsave avx rdrand hypervisor lahf_lm abm
bugs		:
bogomips	: 5587.06
clflush size	: 64
cache_alignment	: 64
address sizes	: 39 bits physical, 48 bits virtual
power management:



Memory: 4k page, physical 2045824k(52648k free), swap 777300k(0k free)

vm_info: OpenJDK 64-Bit Server VM (25.121-b13) for linux-amd64 JRE (1.8.0_121-8u121-b13-4-b13), built on Mar  3 2017 17:46:54 by "buildd" with gcc 6.3.0 20170221

time: Wed Apr 26 12:10:16 2017
elapsed time: 5 seconds (0d 0h 0m 5s)

